<?xml version="1.0" encoding="UTF-8" ?>
<testsuite tests="5" failures="0" name="com.hotelapp.service.unit.HotelServiceTest" time="0.015" errors="0" skipped="0">
  <properties>
[...]
</properties>
  <testcase classname="com.hotelapp.service.unit.HotelServiceTest" name="testBooking1" time="0.012"/>
  <testcase classname="com.hotelapp.service.unit.HotelServiceTest" name="testBooking2" time="0.002"/>
  <testcase classname="com.hotelapp.service.unit.HotelServiceTest" name="testBooking3" time="0"/>
  <testcase classname="com.hotelapp.service.unit.HotelServiceTest" name="testBooking4" time="0.001"/>
  <testcase classname="com.hotelapp.service.unit.HotelServiceTest" name="testBooking5" time="0"/>
</testsuite>